  stdafx.cpp
  BreatheAnimation.cpp
  FreshBreatheAnimation.cpp
D:\Programmation\CppKeyboardColour\CppKeyboardColour\FrameCollection.h(17,53): warning C4267: 'return' : conversion de 'size_t' en 'uint32_t', perte possible de données
  (compiler le fichier source '/BreatheAnimation.cpp')
  
D:\Programmation\CppKeyboardColour\CppKeyboardColour\BreatheAnimation.cpp(7,24): warning C4244: 'initialisation' : conversion de 'float' en 'const size_t', perte possible de données
  (compiler le fichier source '/BreatheAnimation.cpp')
  
D:\Programmation\CppKeyboardColour\CppKeyboardColour\BreatheAnimation.cpp(49,45): warning C4244: 'argument' : conversion de 'float' en 'uint8_t', perte possible de données
  (compiler le fichier source '/BreatheAnimation.cpp')
  
D:\Programmation\CppKeyboardColour\CppKeyboardColour\BreatheAnimation.cpp(62,47): warning C4244: 'argument' : conversion de 'float' en 'uint8_t', perte possible de données
  (compiler le fichier source '/BreatheAnimation.cpp')
  
D:\Programmation\CppKeyboardColour\CppKeyboardColour\BreatheAnimation.cpp(74,50): warning C4244: 'argument' : conversion de 'float' en 'uint8_t', perte possible de données
  (compiler le fichier source '/BreatheAnimation.cpp')
  
D:\Programmation\CppKeyboardColour\CppKeyboardColour\FrameCollection.h(17,53): warning C4267: 'return' : conversion de 'size_t' en 'uint32_t', perte possible de données
  (compiler le fichier source '/FreshBreatheAnimation.cpp')
  
D:\Programmation\CppKeyboardColour\CppKeyboardColour\FreshBreatheAnimation.cpp(19,24): warning C4244: 'initialisation' : conversion de 'float' en 'const size_t', perte possible de données
  (compiler le fichier source '/FreshBreatheAnimation.cpp')
  
D:\Programmation\CppKeyboardColour\CppKeyboardColour\FreshBreatheAnimation.cpp(82,51): warning C4244: '=' : conversion de 'float' en '_Ty', perte possible de données
D:\Programmation\CppKeyboardColour\CppKeyboardColour\FreshBreatheAnimation.cpp(82,51): warning C4244:         with
D:\Programmation\CppKeyboardColour\CppKeyboardColour\FreshBreatheAnimation.cpp(82,51): warning C4244:         [
D:\Programmation\CppKeyboardColour\CppKeyboardColour\FreshBreatheAnimation.cpp(82,51): warning C4244:             _Ty=uint8_t
D:\Programmation\CppKeyboardColour\CppKeyboardColour\FreshBreatheAnimation.cpp(82,51): warning C4244:         ]
  (compiler le fichier source '/FreshBreatheAnimation.cpp')
  
  ColourFactory.cpp
  ColourShiftAnimation.cpp
D:\Programmation\CppKeyboardColour\CppKeyboardColour\FrameCollection.h(17,53): warning C4267: 'return' : conversion de 'size_t' en 'uint32_t', perte possible de données
  (compiler le fichier source '/ColourShiftAnimation.cpp')
  
  ColourTransformAnimation.cpp
D:\Programmation\CppKeyboardColour\CppKeyboardColour\FrameCollection.h(17,53): warning C4267: 'return' : conversion de 'size_t' en 'uint32_t', perte possible de données
  (compiler le fichier source '/ColourTransformAnimation.cpp')
  
D:\Programmation\CppKeyboardColour\CppKeyboardColour\ColourTransformAnimation.cpp(70,51): warning C4267: '=' : conversion de 'size_t' en '_Ty', perte possible de données
D:\Programmation\CppKeyboardColour\CppKeyboardColour\ColourTransformAnimation.cpp(70,51): warning C4267:         with
D:\Programmation\CppKeyboardColour\CppKeyboardColour\ColourTransformAnimation.cpp(70,51): warning C4267:         [
D:\Programmation\CppKeyboardColour\CppKeyboardColour\ColourTransformAnimation.cpp(70,51): warning C4267:             _Ty=uint8_t
D:\Programmation\CppKeyboardColour\CppKeyboardColour\ColourTransformAnimation.cpp(70,51): warning C4267:         ]
  (compiler le fichier source '/ColourTransformAnimation.cpp')
  
D:\Programmation\CppKeyboardColour\CppKeyboardColour\ColourTransformAnimation.cpp(76,51): warning C4267: '=' : conversion de 'size_t' en '_Ty', perte possible de données
D:\Programmation\CppKeyboardColour\CppKeyboardColour\ColourTransformAnimation.cpp(76,51): warning C4267:         with
D:\Programmation\CppKeyboardColour\CppKeyboardColour\ColourTransformAnimation.cpp(76,51): warning C4267:         [
D:\Programmation\CppKeyboardColour\CppKeyboardColour\ColourTransformAnimation.cpp(76,51): warning C4267:             _Ty=uint8_t
D:\Programmation\CppKeyboardColour\CppKeyboardColour\ColourTransformAnimation.cpp(76,51): warning C4267:         ]
  (compiler le fichier source '/ColourTransformAnimation.cpp')
  
  CommandLine.cpp
  DeviceIdRetriever.cpp
D:\Programmation\CppKeyboardColour\CppKeyboardColour\DeviceIdRetriever.h(9,36): warning C4229: anachronisme utilisé : modificateurs de données ignorés
  (compiler le fichier source '/DeviceIdRetriever.cpp')
  
  FakeKeyboardCommunicator.cpp
D:\Programmation\CppKeyboardColour\CppKeyboardColour\FakeKeyboardCommunicator.cpp(8,29): warning C4312: 'cast de type' : la conversion de 'uint32_t' en 'void *' d'une taille supérieure
  (compiler le fichier source '/FakeKeyboardCommunicator.cpp')
  
  FrameCollection.cpp
D:\Programmation\CppKeyboardColour\CppKeyboardColour\FrameCollection.h(17,53): warning C4267: 'return' : conversion de 'size_t' en 'uint32_t', perte possible de données
  (compiler le fichier source '/FrameCollection.cpp')
  
  CppKeyboardColour.cpp
D:\Programmation\CppKeyboardColour\CppKeyboardColour\FrameCollection.h(17,53): warning C4267: 'return' : conversion de 'size_t' en 'uint32_t', perte possible de données
  (compiler le fichier source '/CppKeyboardColour.cpp')
  
  InsydeKBCommunicator.cpp
D:\Programmation\CppKeyboardColour\CppKeyboardColour\InsydeKBCommunicator.cpp(33,55): warning C4267: 'argument' : conversion de 'size_t' en 'DWORD', perte possible de données
  (compiler le fichier source '/InsydeKBCommunicator.cpp')
  
D:\Programmation\CppKeyboardColour\CppKeyboardColour\InsydeKBCommunicator.cpp(34,42): warning C4267: 'argument' : conversion de 'size_t' en 'DWORD', perte possible de données
  (compiler le fichier source '/InsydeKBCommunicator.cpp')
  
  Keyboard.cpp
D:\Programmation\CppKeyboardColour\CppKeyboardColour\DeviceIdRetriever.h(9,36): warning C4229: anachronisme utilisé : modificateurs de données ignorés
  (compiler le fichier source '/Keyboard.cpp')
  
D:\Programmation\CppKeyboardColour\CppKeyboardColour\Keyboard.cpp(15,43): warning C4312: 'cast de type' : la conversion de 'const uint32_t' en 'void *' d'une taille supérieure
  (compiler le fichier source '/Keyboard.cpp')
  
D:\Programmation\CppKeyboardColour\CppKeyboardColour\Keyboard.cpp(54,45): warning C4267: 'argument' : conversion de 'size_t' en 'uint32_t', perte possible de données
  (compiler le fichier source '/Keyboard.cpp')
  
  KeyboardCommunicatorFactory.cpp
  PulsatingBlinkAnimation.cpp
D:\Programmation\CppKeyboardColour\CppKeyboardColour\FrameCollection.h(17,53): warning C4267: 'return' : conversion de 'size_t' en 'uint32_t', perte possible de données
  (compiler le fichier source '/PulsatingBlinkAnimation.cpp')
  
  WbemService.cpp
D:\Programmation\CppKeyboardColour\CppKeyboardColour\WbemService.cpp(35,75): warning C4312: 'cast de type' : la conversion de 'const HRESULT' en 'void *' d'une taille supérieure
  (compiler le fichier source '/WbemService.cpp')
  
  WmiKBCommunicator.cpp
D:\Programmation\CppKeyboardColour\CppKeyboardColour\WmiKBCommunicator.cpp(32,10): warning C4838: la conversion de 'int' en '_Ty' requiert une conversion restrictive
D:\Programmation\CppKeyboardColour\CppKeyboardColour\WmiKBCommunicator.cpp(32,10): warning C4838:         with
D:\Programmation\CppKeyboardColour\CppKeyboardColour\WmiKBCommunicator.cpp(32,10): warning C4838:         [
D:\Programmation\CppKeyboardColour\CppKeyboardColour\WmiKBCommunicator.cpp(32,10): warning C4838:             _Ty=uint8_t
D:\Programmation\CppKeyboardColour\CppKeyboardColour\WmiKBCommunicator.cpp(32,10): warning C4838:         ]
  (compiler le fichier source '/WmiKBCommunicator.cpp')
  
D:\Programmation\CppKeyboardColour\CppKeyboardColour\WmiKBCommunicator.cpp(47,9): warning C4838: la conversion de 'int' en '_Ty' requiert une conversion restrictive
D:\Programmation\CppKeyboardColour\CppKeyboardColour\WmiKBCommunicator.cpp(47,9): warning C4838:         with
D:\Programmation\CppKeyboardColour\CppKeyboardColour\WmiKBCommunicator.cpp(47,9): warning C4838:         [
D:\Programmation\CppKeyboardColour\CppKeyboardColour\WmiKBCommunicator.cpp(47,9): warning C4838:             _Ty=uint8_t
D:\Programmation\CppKeyboardColour\CppKeyboardColour\WmiKBCommunicator.cpp(47,9): warning C4838:         ]
  (compiler le fichier source '/WmiKBCommunicator.cpp')
  
  Génération de code en cours...
  CppKeyboardColour.vcxproj -> D:\Programmation\CppKeyboardColour\x64\Debug\CppKeyboardColour.exe
