  stdafx.cpp
  BreatheAnimation.cpp
C:\Programmation\Git\CppKeyboardColour\Build\CppKeyboardColour\FrameCollection.h(17,53): warning C4267: 'return' : conversion de 'size_t' en 'uint32_t', perte possible de données
  (compiler le fichier source '/BreatheAnimation.cpp')
  
C:\Programmation\Git\CppKeyboardColour\Build\CppKeyboardColour\BreatheAnimation.cpp(7,24): warning C4244: 'initialisation' : conversion de 'float' en 'const size_t', perte possible de données
  (compiler le fichier source '/BreatheAnimation.cpp')
  
C:\Programmation\Git\CppKeyboardColour\Build\CppKeyboardColour\BreatheAnimation.cpp(51,34): warning C4244: '=' : conversion de 'float' en '_Ty', perte possible de données
C:\Programmation\Git\CppKeyboardColour\Build\CppKeyboardColour\BreatheAnimation.cpp(51,34): warning C4244:         with
C:\Programmation\Git\CppKeyboardColour\Build\CppKeyboardColour\BreatheAnimation.cpp(51,34): warning C4244:         [
C:\Programmation\Git\CppKeyboardColour\Build\CppKeyboardColour\BreatheAnimation.cpp(51,34): warning C4244:             _Ty=uint8_t
C:\Programmation\Git\CppKeyboardColour\Build\CppKeyboardColour\BreatheAnimation.cpp(51,34): warning C4244:         ]
  (compiler le fichier source '/BreatheAnimation.cpp')
  
C:\Programmation\Git\CppKeyboardColour\Build\CppKeyboardColour\BreatheAnimation.cpp(68,36): warning C4244: '=' : conversion de 'float' en '_Ty', perte possible de données
C:\Programmation\Git\CppKeyboardColour\Build\CppKeyboardColour\BreatheAnimation.cpp(68,36): warning C4244:         with
C:\Programmation\Git\CppKeyboardColour\Build\CppKeyboardColour\BreatheAnimation.cpp(68,36): warning C4244:         [
C:\Programmation\Git\CppKeyboardColour\Build\CppKeyboardColour\BreatheAnimation.cpp(68,36): warning C4244:             _Ty=uint8_t
C:\Programmation\Git\CppKeyboardColour\Build\CppKeyboardColour\BreatheAnimation.cpp(68,36): warning C4244:         ]
  (compiler le fichier source '/BreatheAnimation.cpp')
  
C:\Programmation\Git\CppKeyboardColour\Build\CppKeyboardColour\BreatheAnimation.cpp(86,35): warning C4244: '=' : conversion de 'float' en '_Ty', perte possible de données
C:\Programmation\Git\CppKeyboardColour\Build\CppKeyboardColour\BreatheAnimation.cpp(86,35): warning C4244:         with
C:\Programmation\Git\CppKeyboardColour\Build\CppKeyboardColour\BreatheAnimation.cpp(86,35): warning C4244:         [
C:\Programmation\Git\CppKeyboardColour\Build\CppKeyboardColour\BreatheAnimation.cpp(86,35): warning C4244:             _Ty=uint8_t
C:\Programmation\Git\CppKeyboardColour\Build\CppKeyboardColour\BreatheAnimation.cpp(86,35): warning C4244:         ]
  (compiler le fichier source '/BreatheAnimation.cpp')
  
C:\Programmation\Git\CppKeyboardColour\Build\CppKeyboardColour\BreatheAnimation.cpp(103,35): warning C4244: '=' : conversion de 'float' en '_Ty', perte possible de données
C:\Programmation\Git\CppKeyboardColour\Build\CppKeyboardColour\BreatheAnimation.cpp(103,35): warning C4244:         with
C:\Programmation\Git\CppKeyboardColour\Build\CppKeyboardColour\BreatheAnimation.cpp(103,35): warning C4244:         [
C:\Programmation\Git\CppKeyboardColour\Build\CppKeyboardColour\BreatheAnimation.cpp(103,35): warning C4244:             _Ty=uint8_t
C:\Programmation\Git\CppKeyboardColour\Build\CppKeyboardColour\BreatheAnimation.cpp(103,35): warning C4244:         ]
  (compiler le fichier source '/BreatheAnimation.cpp')
  
  BreatheAnimationNewColours.cpp
C:\Programmation\Git\CppKeyboardColour\Build\CppKeyboardColour\FrameCollection.h(17,53): warning C4267: 'return' : conversion de 'size_t' en 'uint32_t', perte possible de données
  (compiler le fichier source '/BreatheAnimationNewColours.cpp')
  
C:\Programmation\Git\CppKeyboardColour\Build\CppKeyboardColour\BreatheAnimationNewColours.cpp(119,24): warning C4244: 'initialisation' : conversion de 'float' en 'const size_t', perte possible de données
  (compiler le fichier source '/BreatheAnimationNewColours.cpp')
  
C:\Programmation\Git\CppKeyboardColour\Build\CppKeyboardColour\BreatheAnimationNewColours.cpp(195,51): warning C4244: '=' : conversion de 'float' en '_Ty', perte possible de données
C:\Programmation\Git\CppKeyboardColour\Build\CppKeyboardColour\BreatheAnimationNewColours.cpp(195,51): warning C4244:         with
C:\Programmation\Git\CppKeyboardColour\Build\CppKeyboardColour\BreatheAnimationNewColours.cpp(195,51): warning C4244:         [
C:\Programmation\Git\CppKeyboardColour\Build\CppKeyboardColour\BreatheAnimationNewColours.cpp(195,51): warning C4244:             _Ty=uint8_t
C:\Programmation\Git\CppKeyboardColour\Build\CppKeyboardColour\BreatheAnimationNewColours.cpp(195,51): warning C4244:         ]
  (compiler le fichier source '/BreatheAnimationNewColours.cpp')
  
  ColourFactory.cpp
  ColourShiftAnimation.cpp
C:\Programmation\Git\CppKeyboardColour\Build\CppKeyboardColour\FrameCollection.h(17,53): warning C4267: 'return' : conversion de 'size_t' en 'uint32_t', perte possible de données
  (compiler le fichier source '/ColourShiftAnimation.cpp')
  
  ColourTransformAnimation.cpp
C:\Programmation\Git\CppKeyboardColour\Build\CppKeyboardColour\FrameCollection.h(17,53): warning C4267: 'return' : conversion de 'size_t' en 'uint32_t', perte possible de données
  (compiler le fichier source '/ColourTransformAnimation.cpp')
  
C:\Programmation\Git\CppKeyboardColour\Build\CppKeyboardColour\ColourTransformAnimation.cpp(5,24): warning C4244: 'initialisation' : conversion de 'float' en 'const size_t', perte possible de données
  (compiler le fichier source '/ColourTransformAnimation.cpp')
  
C:\Programmation\Git\CppKeyboardColour\Build\CppKeyboardColour\ColourTransformAnimation.cpp(80,51): warning C4267: '=' : conversion de 'size_t' en '_Ty', perte possible de données
C:\Programmation\Git\CppKeyboardColour\Build\CppKeyboardColour\ColourTransformAnimation.cpp(80,51): warning C4267:         with
C:\Programmation\Git\CppKeyboardColour\Build\CppKeyboardColour\ColourTransformAnimation.cpp(80,51): warning C4267:         [
C:\Programmation\Git\CppKeyboardColour\Build\CppKeyboardColour\ColourTransformAnimation.cpp(80,51): warning C4267:             _Ty=uint8_t
C:\Programmation\Git\CppKeyboardColour\Build\CppKeyboardColour\ColourTransformAnimation.cpp(80,51): warning C4267:         ]
  (compiler le fichier source '/ColourTransformAnimation.cpp')
  
C:\Programmation\Git\CppKeyboardColour\Build\CppKeyboardColour\ColourTransformAnimation.cpp(86,51): warning C4267: '=' : conversion de 'size_t' en '_Ty', perte possible de données
C:\Programmation\Git\CppKeyboardColour\Build\CppKeyboardColour\ColourTransformAnimation.cpp(86,51): warning C4267:         with
C:\Programmation\Git\CppKeyboardColour\Build\CppKeyboardColour\ColourTransformAnimation.cpp(86,51): warning C4267:         [
C:\Programmation\Git\CppKeyboardColour\Build\CppKeyboardColour\ColourTransformAnimation.cpp(86,51): warning C4267:             _Ty=uint8_t
C:\Programmation\Git\CppKeyboardColour\Build\CppKeyboardColour\ColourTransformAnimation.cpp(86,51): warning C4267:         ]
  (compiler le fichier source '/ColourTransformAnimation.cpp')
  
  FrameCollection.cpp
C:\Programmation\Git\CppKeyboardColour\Build\CppKeyboardColour\FrameCollection.h(17,53): warning C4267: 'return' : conversion de 'size_t' en 'uint32_t', perte possible de données
  (compiler le fichier source '/FrameCollection.cpp')
  
  CppKeyboardColour.cpp
C:\Programmation\Git\CppKeyboardColour\Build\CppKeyboardColour\Test.h(29,46): warning C4312: 'cast de type' : la conversion de 'uint32_t' en 'void *' d'une taille supérieure
  (compiler le fichier source '/CppKeyboardColour.cpp')
  
C:\Programmation\Git\CppKeyboardColour\Build\CppKeyboardColour\FrameCollection.h(17,53): warning C4267: 'return' : conversion de 'size_t' en 'uint32_t', perte possible de données
  (compiler le fichier source '/CppKeyboardColour.cpp')
  
  Keyboard.cpp
C:\Programmation\Git\CppKeyboardColour\Build\CppKeyboardColour\DeviceIdRetriever.h(11,36): warning C4229: anachronisme utilisé : modificateurs de données ignorés
  (compiler le fichier source '/Keyboard.cpp')
  
C:\Programmation\Git\CppKeyboardColour\Build\CppKeyboardColour\WmiKBCommunicator.h(39,11): warning C4838: la conversion de 'int' en '_Ty' requiert une conversion restrictive
C:\Programmation\Git\CppKeyboardColour\Build\CppKeyboardColour\WmiKBCommunicator.h(39,11): warning C4838:         with
C:\Programmation\Git\CppKeyboardColour\Build\CppKeyboardColour\WmiKBCommunicator.h(39,11): warning C4838:         [
C:\Programmation\Git\CppKeyboardColour\Build\CppKeyboardColour\WmiKBCommunicator.h(39,11): warning C4838:             _Ty=uint8_t
C:\Programmation\Git\CppKeyboardColour\Build\CppKeyboardColour\WmiKBCommunicator.h(39,11): warning C4838:         ]
  (compiler le fichier source '/Keyboard.cpp')
  
C:\Programmation\Git\CppKeyboardColour\Build\CppKeyboardColour\WmiKBCommunicator.h(54,10): warning C4838: la conversion de 'int' en '_Ty' requiert une conversion restrictive
C:\Programmation\Git\CppKeyboardColour\Build\CppKeyboardColour\WmiKBCommunicator.h(54,10): warning C4838:         with
C:\Programmation\Git\CppKeyboardColour\Build\CppKeyboardColour\WmiKBCommunicator.h(54,10): warning C4838:         [
C:\Programmation\Git\CppKeyboardColour\Build\CppKeyboardColour\WmiKBCommunicator.h(54,10): warning C4838:             _Ty=uint8_t
C:\Programmation\Git\CppKeyboardColour\Build\CppKeyboardColour\WmiKBCommunicator.h(54,10): warning C4838:         ]
  (compiler le fichier source '/Keyboard.cpp')
  
C:\Programmation\Git\CppKeyboardColour\Build\CppKeyboardColour\InsydeKBCommunicator.h(45,56): warning C4267: 'argument' : conversion de 'size_t' en 'DWORD', perte possible de données
  (compiler le fichier source '/Keyboard.cpp')
  
C:\Programmation\Git\CppKeyboardColour\Build\CppKeyboardColour\InsydeKBCommunicator.h(46,43): warning C4267: 'argument' : conversion de 'size_t' en 'DWORD', perte possible de données
  (compiler le fichier source '/Keyboard.cpp')
  
C:\Programmation\Git\CppKeyboardColour\Build\CppKeyboardColour\FakeKeyboardCommunicator.h(14,30): warning C4312: 'cast de type' : la conversion de 'uint32_t' en 'void *' d'une taille supérieure
  (compiler le fichier source '/Keyboard.cpp')
  
C:\Programmation\Git\CppKeyboardColour\Build\CppKeyboardColour\Keyboard.cpp(14,43): warning C4312: 'cast de type' : la conversion de 'const uint32_t' en 'void *' d'une taille supérieure
  (compiler le fichier source '/Keyboard.cpp')
  
C:\Programmation\Git\CppKeyboardColour\Build\CppKeyboardColour\Keyboard.cpp(57,45): warning C4267: 'argument' : conversion de 'size_t' en 'uint32_t', perte possible de données
  (compiler le fichier source '/Keyboard.cpp')
  
  PulsatingBlinkAnimation.cpp
C:\Programmation\Git\CppKeyboardColour\Build\CppKeyboardColour\FrameCollection.h(17,53): warning C4267: 'return' : conversion de 'size_t' en 'uint32_t', perte possible de données
  (compiler le fichier source '/PulsatingBlinkAnimation.cpp')
  
  SingleColourBreatheAnimation.cpp
C:\Programmation\Git\CppKeyboardColour\Build\CppKeyboardColour\FrameCollection.h(17,53): warning C4267: 'return' : conversion de 'size_t' en 'uint32_t', perte possible de données
  (compiler le fichier source '/SingleColourBreatheAnimation.cpp')
  
C:\Programmation\Git\CppKeyboardColour\Build\CppKeyboardColour\SingleColourBreatheAnimation.cpp(6,24): warning C4244: 'initialisation' : conversion de 'float' en 'const size_t', perte possible de données
  (compiler le fichier source '/SingleColourBreatheAnimation.cpp')
  
C:\Programmation\Git\CppKeyboardColour\Build\CppKeyboardColour\SingleColourBreatheAnimation.cpp(49,51): warning C4244: '=' : conversion de 'float' en '_Ty', perte possible de données
C:\Programmation\Git\CppKeyboardColour\Build\CppKeyboardColour\SingleColourBreatheAnimation.cpp(49,51): warning C4244:         with
C:\Programmation\Git\CppKeyboardColour\Build\CppKeyboardColour\SingleColourBreatheAnimation.cpp(49,51): warning C4244:         [
C:\Programmation\Git\CppKeyboardColour\Build\CppKeyboardColour\SingleColourBreatheAnimation.cpp(49,51): warning C4244:             _Ty=uint8_t
C:\Programmation\Git\CppKeyboardColour\Build\CppKeyboardColour\SingleColourBreatheAnimation.cpp(49,51): warning C4244:         ]
  (compiler le fichier source '/SingleColourBreatheAnimation.cpp')
  
C:\Programmation\Git\CppKeyboardColour\Build\CppKeyboardColour\SingleColourBreatheAnimation.cpp(64,51): warning C4244: '=' : conversion de 'float' en '_Ty', perte possible de données
C:\Programmation\Git\CppKeyboardColour\Build\CppKeyboardColour\SingleColourBreatheAnimation.cpp(64,51): warning C4244:         with
C:\Programmation\Git\CppKeyboardColour\Build\CppKeyboardColour\SingleColourBreatheAnimation.cpp(64,51): warning C4244:         [
C:\Programmation\Git\CppKeyboardColour\Build\CppKeyboardColour\SingleColourBreatheAnimation.cpp(64,51): warning C4244:             _Ty=uint8_t
C:\Programmation\Git\CppKeyboardColour\Build\CppKeyboardColour\SingleColourBreatheAnimation.cpp(64,51): warning C4244:         ]
  (compiler le fichier source '/SingleColourBreatheAnimation.cpp')
  
  WbemService.cpp
C:\Programmation\Git\CppKeyboardColour\Build\CppKeyboardColour\WbemService.cpp(35,75): warning C4312: 'cast de type' : la conversion de 'const HRESULT' en 'void *' d'une taille supérieure
  (compiler le fichier source '/WbemService.cpp')
  
  Génération de code en cours...
  CppKeyboardColour.vcxproj -> C:\Programmation\Git\CppKeyboardColour\Build\x64\Debug\CppKeyboardColour.exe
